[30-Jul-2024 16:27:43 UTC] PHP Fatal error:  Uncaught TypeError: call_user_func_array(): Argument #1 ($callback) must be a valid callback, class WPF_Post_Type_Sync_Integration does not have a method "show_field_sync_button" in /var/www/html/wp-includes/class-wp-hook.php:324
Stack trace:
#0 /var/www/html/wp-includes/class-wp-hook.php(348): WP_Hook->apply_filters('', Array)
#1 /var/www/html/wp-includes/plugin.php(517): WP_Hook->do_action(Array)
#2 /var/www/html/wp-content/plugins/wp-fusion-lite/includes/admin/options/class-options.php(973): do_action('show_field_sync...', 'post_type_sync_...', Array)
#3 /var/www/html/wp-content/plugins/wp-fusion-lite/includes/admin/options/class-options.php(881): WP_Fusion_Options->show_section('post-types')
#4 /var/www/html/wp-includes/class-wp-hook.php(324): WP_Fusion_Options->show_page('')
#5 /var/www/html/wp-includes/class-wp-hook.php(348): WP_Hook->apply_filters('', Array)
#6 /var/www/html/wp-includes/plugin.php(517): WP_Hook->do_action(Array)
#7 /var/www/html/wp-admin/admin.php(259): do_action('settings_page_w...')
#8 {main}
  thrown in /var/www/html/wp-includes/class-wp-hook.php on line 324
[30-Jul-2024 16:48:40 UTC] PHP Fatal error:  Uncaught Error: Undefined constant "WPF_EC_DIR_PATH" in /var/www/html/wp-content/plugins/wp-fusion-post-types/includes/class-post-types.php:54
Stack trace:
#0 /var/www/html/wp-includes/class-wp-hook.php(324): WPF_Post_Type_Sync_Integration->admin_scripts('settings_page_w...')
#1 /var/www/html/wp-includes/class-wp-hook.php(348): WP_Hook->apply_filters(NULL, Array)
#2 /var/www/html/wp-includes/plugin.php(517): WP_Hook->do_action(Array)
#3 /var/www/html/wp-admin/admin-header.php(118): do_action('admin_enqueue_s...', 'settings_page_w...')
#4 /var/www/html/wp-admin/admin.php(239): require_once('/var/www/html/w...')
#5 {main}
  thrown in /var/www/html/wp-content/plugins/wp-fusion-post-types/includes/class-post-types.php on line 54
[30-Jul-2024 17:05:21 UTC] PHP Warning:  Undefined property: WPF_Monday::$url in /var/www/html/wp-content/plugins/wp-fusion-monday/includes/class-wpf-custom.php on line 198
[30-Jul-2024 17:06:10 UTC] PHP Warning:  Undefined property: WPF_Monday::$url in /var/www/html/wp-content/plugins/wp-fusion-monday/includes/class-wpf-custom.php on line 198
[30-Jul-2024 17:08:52 UTC] PHP Warning:  Undefined property: WPF_Monday::$url in /var/www/html/wp-content/plugins/wp-fusion-monday/includes/class-wpf-custom.php on line 198
[30-Jul-2024 17:09:49 UTC] PHP Warning:  Undefined property: WPF_Monday::$url in /var/www/html/wp-content/plugins/wp-fusion-monday/includes/class-wpf-custom.php on line 198
[30-Jul-2024 17:09:49 UTC] PHP Warning:  Array to string conversion in /var/www/html/wp-content/plugins/wp-fusion-post-types/includes/class-post-types.php on line 385
[30-Jul-2024 17:10:22 UTC] PHP Warning:  Undefined property: WPF_Monday::$url in /var/www/html/wp-content/plugins/wp-fusion-monday/includes/class-wpf-custom.php on line 198
[30-Jul-2024 17:10:22 UTC] PHP Warning:  Array to string conversion in /var/www/html/wp-content/plugins/wp-fusion-post-types/includes/class-post-types.php on line 394
[30-Jul-2024 17:10:37 UTC] PHP Warning:  Undefined property: WPF_Monday::$url in /var/www/html/wp-content/plugins/wp-fusion-monday/includes/class-wpf-custom.php on line 198
[30-Jul-2024 17:21:58 UTC] PHP Warning:  Undefined property: WPF_Monday::$url in /var/www/html/wp-content/plugins/wp-fusion-monday/includes/class-wpf-custom.php on line 198
[30-Jul-2024 17:26:20 UTC] PHP Warning:  Undefined property: WPF_Monday::$url in /var/www/html/wp-content/plugins/wp-fusion-monday/includes/class-wpf-custom.php on line 198
[30-Jul-2024 17:26:23 UTC] PHP Warning:  Undefined property: WPF_Monday::$url in /var/www/html/wp-content/plugins/wp-fusion-monday/includes/class-wpf-custom.php on line 198
[30-Jul-2024 17:28:18 UTC] PHP Fatal error:  Uncaught Error: Call to a member function api() on null in /var/www/html/wp-content/plugins/wp-fusion-post-types/includes/class-post-types.php:79
Stack trace:
#0 /var/www/html/wp-includes/class-wp-hook.php(326): WPF_Post_Type_Sync_Integration->post_updated(24)
#1 /var/www/html/wp-includes/class-wp-hook.php(348): WP_Hook->apply_filters(NULL, Array)
#2 /var/www/html/wp-includes/plugin.php(517): WP_Hook->do_action(Array)
#3 /var/www/html/wp-includes/post.php(4860): do_action('post_updated', 24, Object(WP_Post), Object(WP_Post))
#4 /var/www/html/wp-includes/post.php(4993): wp_insert_post(Array, false, true)
#5 /var/www/html/wp-admin/includes/post.php(453): wp_update_post(Array)
#6 /var/www/html/wp-admin/post.php(227): edit_post()
#7 {main}
  thrown in /var/www/html/wp-content/plugins/wp-fusion-post-types/includes/class-post-types.php on line 79
[30-Jul-2024 17:28:53 UTC] PHP Warning:  Undefined property: WPF_Monday::$url in /var/www/html/wp-content/plugins/wp-fusion-monday/includes/class-wpf-custom.php on line 198
[30-Jul-2024 17:32:36 UTC] PHP Warning:  strtotime(): Epoch doesn't fit in a PHP integer in /var/www/html/wp-admin/includes/meta-boxes.php on line 381
[30-Jul-2024 17:32:42 UTC] PHP Warning:  Undefined property: WPF_Monday::$url in /var/www/html/wp-content/plugins/wp-fusion-monday/includes/class-wpf-custom.php on line 198
[30-Jul-2024 17:32:44 UTC] PHP Warning:  Undefined property: WPF_Monday::$url in /var/www/html/wp-content/plugins/wp-fusion-monday/includes/class-wpf-custom.php on line 198
[30-Jul-2024 17:32:45 UTC] PHP Warning:  Undefined property: WPF_Monday::$url in /var/www/html/wp-content/plugins/wp-fusion-monday/includes/class-wpf-custom.php on line 198
[30-Jul-2024 17:33:52 UTC] PHP Warning:  Undefined property: WPF_Monday::$url in /var/www/html/wp-content/plugins/wp-fusion-monday/includes/class-wpf-custom.php on line 198
[30-Jul-2024 17:43:44 UTC] PHP Warning:  Undefined property: WPF_Monday::$url in /var/www/html/wp-content/plugins/wp-fusion-monday/includes/class-wpf-custom.php on line 198
[30-Jul-2024 17:45:10 UTC] PHP Warning:  Undefined property: WPF_Monday::$url in /var/www/html/wp-content/plugins/wp-fusion-monday/includes/class-wpf-custom.php on line 198
[30-Jul-2024 17:45:34 UTC] PHP Warning:  Undefined property: WPF_Monday::$url in /var/www/html/wp-content/plugins/wp-fusion-monday/includes/class-wpf-custom.php on line 198
[30-Jul-2024 17:45:34 UTC] API response body: {"data":{"tags":[{"id":"23337467","name":"tag1"},{"id":"23337468","name":"tag2"}]},"account_id":20627268}
[30-Jul-2024 17:45:35 UTC] PHP Warning:  Undefined property: WPF_Monday::$url in /var/www/html/wp-content/plugins/wp-fusion-monday/includes/class-wpf-custom.php on line 198
[30-Jul-2024 17:45:35 UTC] PHP Warning:  Undefined property: WPF_Monday::$url in /var/www/html/wp-content/plugins/wp-fusion-monday/includes/class-wpf-custom.php on line 198
[30-Jul-2024 17:52:04 UTC] PHP Warning:  Undefined property: WPF_Monday::$url in /var/www/html/wp-content/plugins/wp-fusion-monday/includes/class-wpf-custom.php on line 198
[30-Jul-2024 17:52:15 UTC] PHP Warning:  Undefined property: WPF_Monday::$url in /var/www/html/wp-content/plugins/wp-fusion-monday/includes/class-wpf-custom.php on line 198
[30-Jul-2024 17:52:44 UTC] PHP Warning:  Undefined property: WPF_Monday::$url in /var/www/html/wp-content/plugins/wp-fusion-monday/includes/class-wpf-custom.php on line 198
[30-Jul-2024 17:53:10 UTC] PHP Warning:  Undefined property: WPF_Monday::$url in /var/www/html/wp-content/plugins/wp-fusion-monday/includes/class-wpf-custom.php on line 198
[30-Jul-2024 17:53:25 UTC] PHP Warning:  Undefined property: WPF_Monday::$url in /var/www/html/wp-content/plugins/wp-fusion-monday/includes/class-wpf-custom.php on line 198
[30-Jul-2024 17:54:59 UTC] PHP Warning:  Undefined property: WPF_Monday::$url in /var/www/html/wp-content/plugins/wp-fusion-monday/includes/class-wpf-custom.php on line 198
[30-Jul-2024 17:55:30 UTC] PHP Warning:  Undefined property: WPF_Monday::$url in /var/www/html/wp-content/plugins/wp-fusion-monday/includes/class-wpf-custom.php on line 198
[30-Jul-2024 18:20:15 UTC] PHP Warning:  Undefined property: WPF_Monday::$url in /var/www/html/wp-content/plugins/wp-fusion-monday/includes/class-wpf-custom.php on line 198
[30-Jul-2024 18:20:15 UTC] Automatic updates starting...
[30-Jul-2024 18:20:15 UTC] PHP Warning:  Undefined property: WPF_Monday::$url in /var/www/html/wp-content/plugins/wp-fusion-monday/includes/class-wpf-custom.php on line 198
[30-Jul-2024 18:20:15 UTC] PHP Warning:  Undefined property: WPF_Monday::$url in /var/www/html/wp-content/plugins/wp-fusion-monday/includes/class-wpf-custom.php on line 198
[30-Jul-2024 18:20:15 UTC] Automatic updates complete.
[30-Jul-2024 18:20:15 UTC] PHP Warning:  Undefined property: WPF_Monday::$url in /var/www/html/wp-content/plugins/wp-fusion-monday/includes/class-wpf-custom.php on line 198
[30-Jul-2024 20:39:18 UTC] PHP Warning:  strtotime(): Epoch doesn't fit in a PHP integer in /var/www/html/wp-admin/includes/meta-boxes.php on line 381
[30-Jul-2024 20:55:01 UTC] PHP Warning:  Undefined property: WPF_Monday::$url in /var/www/html/wp-content/plugins/wp-fusion-monday/includes/class-wpf-custom.php on line 198
[30-Jul-2024 20:55:47 UTC] PHP Warning:  Undefined property: WPF_Monday::$url in /var/www/html/wp-content/plugins/wp-fusion-monday/includes/class-wpf-custom.php on line 198
[30-Jul-2024 20:55:55 UTC] PHP Warning:  Undefined property: WPF_Monday::$url in /var/www/html/wp-content/plugins/wp-fusion-monday/includes/class-wpf-custom.php on line 198
[30-Jul-2024 21:13:38 UTC] PHP Warning:  Undefined property: WPF_Monday::$url in /var/www/html/wp-content/plugins/wp-fusion-monday/includes/class-wpf-custom.php on line 198
[30-Jul-2024 21:30:53 UTC] PHP Fatal error:  Uncaught Error: Call to undefined method Monday::sync_post_type_fields() in /var/www/html/wp-content/plugins/wp-fusion-post-types/includes/class-post-types.php:84
Stack trace:
#0 /var/www/html/wp-includes/class-wp-hook.php(326): WPF_Post_Type_Sync_Integration->postType_updated(24)
#1 /var/www/html/wp-includes/class-wp-hook.php(348): WP_Hook->apply_filters('', Array)
#2 /var/www/html/wp-includes/plugin.php(517): WP_Hook->do_action(Array)
#3 /var/www/html/wp-includes/post.php(4880): do_action('save_post_post', 24, Object(WP_Post), true)
#4 /var/www/html/wp-includes/post.php(4993): wp_insert_post(Array, false, true)
#5 /var/www/html/wp-admin/includes/post.php(453): wp_update_post(Array)
#6 /var/www/html/wp-admin/post.php(227): edit_post()
#7 {main}
  thrown in /var/www/html/wp-content/plugins/wp-fusion-post-types/includes/class-post-types.php on line 84
[30-Jul-2024 21:31:24 UTC] PHP Fatal error:  Uncaught Error: Call to undefined method Monday::sync_post_type_fields() in /var/www/html/wp-content/plugins/wp-fusion-post-types/includes/class-post-types.php:84
Stack trace:
#0 /var/www/html/wp-includes/class-wp-hook.php(326): WPF_Post_Type_Sync_Integration->post_updated(24)
#1 /var/www/html/wp-includes/class-wp-hook.php(348): WP_Hook->apply_filters(NULL, Array)
#2 /var/www/html/wp-includes/plugin.php(517): WP_Hook->do_action(Array)
#3 /var/www/html/wp-includes/post.php(4860): do_action('post_updated', 24, Object(WP_Post), Object(WP_Post))
#4 /var/www/html/wp-includes/post.php(4993): wp_insert_post(Array, false, true)
#5 /var/www/html/wp-admin/includes/post.php(453): wp_update_post(Array)
#6 /var/www/html/wp-admin/post.php(227): edit_post()
#7 {main}
  thrown in /var/www/html/wp-content/plugins/wp-fusion-post-types/includes/class-post-types.php on line 84
[30-Jul-2024 21:31:26 UTC] PHP Warning:  Undefined property: WPF_Monday::$url in /var/www/html/wp-content/plugins/wp-fusion-monday/includes/class-wpf-custom.php on line 198
[30-Jul-2024 21:31:46 UTC] PHP Warning:  Undefined property: WPF_Monday::$url in /var/www/html/wp-content/plugins/wp-fusion-monday/includes/class-wpf-custom.php on line 198
[30-Jul-2024 21:31:54 UTC] PHP Warning:  Undefined property: WPF_Monday::$url in /var/www/html/wp-content/plugins/wp-fusion-monday/includes/class-wpf-custom.php on line 198
[30-Jul-2024 21:37:33 UTC] PHP Warning:  Undefined property: WPF_Monday::$url in /var/www/html/wp-content/plugins/wp-fusion-monday/includes/class-wpf-custom.php on line 198
[30-Jul-2024 21:37:56 UTC] PHP Warning:  Undefined property: WPF_Monday::$url in /var/www/html/wp-content/plugins/wp-fusion-monday/includes/class-wpf-custom.php on line 198
[30-Jul-2024 21:42:57 UTC] PHP Warning:  Undefined property: WPF_Monday::$url in /var/www/html/wp-content/plugins/wp-fusion-monday/includes/class-wpf-custom.php on line 198
[30-Jul-2024 21:55:03 UTC] PHP Warning:  Undefined property: WPF_Monday::$url in /var/www/html/wp-content/plugins/wp-fusion-monday/includes/class-wpf-custom.php on line 198
[30-Jul-2024 21:55:54 UTC] PHP Warning:  Undefined property: WPF_Monday::$url in /var/www/html/wp-content/plugins/wp-fusion-monday/includes/class-wpf-custom.php on line 198
[30-Jul-2024 22:09:20 UTC] PHP Warning:  Undefined property: WPF_Monday::$url in /var/www/html/wp-content/plugins/wp-fusion-monday/includes/class-wpf-custom.php on line 198
[30-Jul-2024 22:17:04 UTC] PHP Warning:  Undefined property: WPF_Monday::$url in /var/www/html/wp-content/plugins/wp-fusion-monday/includes/class-wpf-custom.php on line 198
[30-Jul-2024 22:18:22 UTC] PHP Warning:  Undefined property: WPF_Monday::$url in /var/www/html/wp-content/plugins/wp-fusion-monday/includes/class-wpf-custom.php on line 198
[30-Jul-2024 22:19:15 UTC] PHP Warning:  Undefined property: WPF_Monday::$url in /var/www/html/wp-content/plugins/wp-fusion-monday/includes/class-wpf-custom.php on line 198
[30-Jul-2024 22:21:27 UTC] PHP Warning:  strtotime(): Epoch doesn't fit in a PHP integer in /var/www/html/wp-admin/includes/meta-boxes.php on line 381
[30-Jul-2024 22:21:35 UTC] PHP Warning:  Undefined property: WPF_Monday::$url in /var/www/html/wp-content/plugins/wp-fusion-monday/includes/class-wpf-custom.php on line 198
[30-Jul-2024 22:22:16 UTC] PHP Warning:  Undefined property: WPF_Monday::$url in /var/www/html/wp-content/plugins/wp-fusion-monday/includes/class-wpf-custom.php on line 198
